{"/Users/Sandesh/Desktop/Redux/VFNZAlbumPOC/src/common/constants.js": {"path":"/Users/Sandesh/Desktop/Redux/VFNZAlbumPOC/src/common/constants.js","statementMap":{"0":{"start":{"line":1,"column":19},"end":{"line":1,"column":58}},"1":{"start":{"line":2,"column":23},"end":{"line":2,"column":28}}},"fnMap":{},"branchMap":{},"s":{"0":0,"1":0},"f":{},"b":{}}
,"/Users/Sandesh/Desktop/Redux/VFNZAlbumPOC/src/common/navigator.js": {"path":"/Users/Sandesh/Desktop/Redux/VFNZAlbumPOC/src/common/navigator.js","statementMap":{"0":{"start":{"line":10,"column":22},"end":{"line":25,"column":2}},"1":{"start":{"line":27,"column":22},"end":{"line":27,"column":55}},"2":{"start":{"line":31,"column":15},"end":{"line":44,"column":2}}},"fnMap":{},"branchMap":{},"s":{"0":0,"1":0,"2":0},"f":{},"b":{}}
,"/Users/Sandesh/Desktop/Redux/VFNZAlbumPOC/src/common/errorAlertComponent/errorAlert.js": {"path":"/Users/Sandesh/Desktop/Redux/VFNZAlbumPOC/src/common/errorAlertComponent/errorAlert.js","statementMap":{"0":{"start":{"line":11,"column":6},"end":{"line":22,"column":8}}},"fnMap":{"0":{"name":"(anonymous_0)","decl":{"start":{"line":9,"column":4},"end":{"line":9,"column":5}},"loc":{"start":{"line":9,"column":13},"end":{"line":23,"column":5}},"line":9}},"branchMap":{},"s":{"0":2},"f":{"0":2},"b":{},"_coverageSchema":"1a1c01bbd47fc00a2c39e90264f33305004495a9","hash":"d2b35874d3d78cf32528b8f30d1c6ba89f681626"}
,"/Users/Sandesh/Desktop/Redux/VFNZAlbumPOC/src/common/errorAlertComponent/style.js": {"path":"/Users/Sandesh/Desktop/Redux/VFNZAlbumPOC/src/common/errorAlertComponent/style.js","statementMap":{},"fnMap":{},"branchMap":{},"s":{},"f":{},"b":{},"_coverageSchema":"1a1c01bbd47fc00a2c39e90264f33305004495a9","hash":"2b31be2c9ab1f5f1487675554900eeb3f62aa698"}
,"/Users/Sandesh/Desktop/Redux/VFNZAlbumPOC/src/component/AlbumDetailsComponent/albumDetailsView.js": {"path":"/Users/Sandesh/Desktop/Redux/VFNZAlbumPOC/src/component/AlbumDetailsComponent/albumDetailsView.js","statementMap":{"0":{"start":{"line":8,"column":31},"end":{"line":10,"column":5}},"1":{"start":{"line":14,"column":29},"end":{"line":14,"column":39}},"2":{"start":{"line":15,"column":25},"end":{"line":15,"column":74}},"3":{"start":{"line":16,"column":23},"end":{"line":16,"column":76}},"4":{"start":{"line":17,"column":27},"end":{"line":17,"column":94}},"5":{"start":{"line":17,"column":33},"end":{"line":17,"column":94}},"6":{"start":{"line":20,"column":6},"end":{"line":36,"column":8}},"7":{"start":{"line":28,"column":39},"end":{"line":28,"column":102}}},"fnMap":{"0":{"name":"(anonymous_0)","decl":{"start":{"line":12,"column":4},"end":{"line":12,"column":5}},"loc":{"start":{"line":12,"column":13},"end":{"line":37,"column":5}},"line":12},"1":{"name":"(anonymous_1)","decl":{"start":{"line":17,"column":27},"end":{"line":17,"column":28}},"loc":{"start":{"line":17,"column":33},"end":{"line":17,"column":94}},"line":17},"2":{"name":"(anonymous_2)","decl":{"start":{"line":28,"column":33},"end":{"line":28,"column":34}},"loc":{"start":{"line":28,"column":39},"end":{"line":28,"column":102}},"line":28}},"branchMap":{},"s":{"0":1,"1":3,"2":3,"3":3,"4":3,"5":0,"6":3,"7":0},"f":{"0":3,"1":0,"2":0},"b":{},"_coverageSchema":"1a1c01bbd47fc00a2c39e90264f33305004495a9","hash":"6ce4e641dc38fb229ad2ed10197b58a1aeacc8f0"}
,"/Users/Sandesh/Desktop/Redux/VFNZAlbumPOC/src/component/AlbumDetailsComponent/style.js": {"path":"/Users/Sandesh/Desktop/Redux/VFNZAlbumPOC/src/component/AlbumDetailsComponent/style.js","statementMap":{},"fnMap":{},"branchMap":{},"s":{},"f":{},"b":{},"_coverageSchema":"1a1c01bbd47fc00a2c39e90264f33305004495a9","hash":"4b3ea6935101f9aee5a8e37128aa18b56289d7c1"}
,"/Users/Sandesh/Desktop/Redux/VFNZAlbumPOC/src/component/HomeComponent/home.js": {"path":"/Users/Sandesh/Desktop/Redux/VFNZAlbumPOC/src/component/HomeComponent/home.js","statementMap":{"0":{"start":{"line":13,"column":4},"end":{"line":13,"column":29}},"1":{"start":{"line":16,"column":26},"end":{"line":18,"column":3}},"2":{"start":{"line":17,"column":4},"end":{"line":17,"column":49}},"3":{"start":{"line":20,"column":15},"end":{"line":34,"column":3}},"4":{"start":{"line":22,"column":4},"end":{"line":33,"column":11}},"5":{"start":{"line":24,"column":39},"end":{"line":26,"column":8}},"6":{"start":{"line":36,"column":39},"end":{"line":36,"column":49}},"7":{"start":{"line":38,"column":4},"end":{"line":40,"column":5}},"8":{"start":{"line":39,"column":6},"end":{"line":39,"column":28}},"9":{"start":{"line":42,"column":4},"end":{"line":48,"column":5}},"10":{"start":{"line":43,"column":6},"end":{"line":47,"column":8}},"11":{"start":{"line":49,"column":4},"end":{"line":59,"column":6}},"12":{"start":{"line":63,"column":24},"end":{"line":70,"column":1}},"13":{"start":{"line":64,"column":27},"end":{"line":64,"column":91}},"14":{"start":{"line":64,"column":53},"end":{"line":64,"column":89}},"15":{"start":{"line":65,"column":2},"end":{"line":69,"column":4}},"16":{"start":{"line":72,"column":27},"end":{"line":74,"column":1}}},"fnMap":{"0":{"name":"(anonymous_0)","decl":{"start":{"line":12,"column":2},"end":{"line":12,"column":3}},"loc":{"start":{"line":12,"column":22},"end":{"line":14,"column":3}},"line":12},"1":{"name":"(anonymous_1)","decl":{"start":{"line":16,"column":26},"end":{"line":16,"column":27}},"loc":{"start":{"line":17,"column":4},"end":{"line":17,"column":49}},"line":17},"2":{"name":"(anonymous_2)","decl":{"start":{"line":20,"column":15},"end":{"line":20,"column":16}},"loc":{"start":{"line":22,"column":4},"end":{"line":33,"column":11}},"line":22},"3":{"name":"(anonymous_3)","decl":{"start":{"line":24,"column":33},"end":{"line":24,"column":34}},"loc":{"start":{"line":24,"column":39},"end":{"line":26,"column":8}},"line":24},"4":{"name":"(anonymous_4)","decl":{"start":{"line":35,"column":2},"end":{"line":35,"column":3}},"loc":{"start":{"line":35,"column":11},"end":{"line":60,"column":3}},"line":35},"5":{"name":"(anonymous_5)","decl":{"start":{"line":63,"column":24},"end":{"line":63,"column":25}},"loc":{"start":{"line":63,"column":33},"end":{"line":70,"column":1}},"line":63},"6":{"name":"(anonymous_6)","decl":{"start":{"line":64,"column":44},"end":{"line":64,"column":45}},"loc":{"start":{"line":64,"column":53},"end":{"line":64,"column":89}},"line":64}},"branchMap":{"0":{"loc":{"start":{"line":38,"column":4},"end":{"line":40,"column":5}},"type":"if","locations":[{"start":{"line":38,"column":4},"end":{"line":40,"column":5}},{"start":{"line":38,"column":4},"end":{"line":40,"column":5}}],"line":38},"1":{"loc":{"start":{"line":42,"column":4},"end":{"line":48,"column":5}},"type":"if","locations":[{"start":{"line":42,"column":4},"end":{"line":48,"column":5}},{"start":{"line":42,"column":4},"end":{"line":48,"column":5}}],"line":42}},"s":{"0":0,"1":0,"2":0,"3":0,"4":0,"5":0,"6":0,"7":0,"8":0,"9":0,"10":0,"11":0,"12":0,"13":0,"14":0,"15":0,"16":0},"f":{"0":0,"1":0,"2":0,"3":0,"4":0,"5":0,"6":0},"b":{"0":[0,0],"1":[0,0]}}
,"/Users/Sandesh/Desktop/Redux/VFNZAlbumPOC/src/component/HomeComponent/style.js": {"path":"/Users/Sandesh/Desktop/Redux/VFNZAlbumPOC/src/component/HomeComponent/style.js","statementMap":{},"fnMap":{},"branchMap":{},"s":{},"f":{},"b":{}}
,"/Users/Sandesh/Desktop/Redux/VFNZAlbumPOC/src/component/ThumbnailComponent/style.js": {"path":"/Users/Sandesh/Desktop/Redux/VFNZAlbumPOC/src/component/ThumbnailComponent/style.js","statementMap":{},"fnMap":{},"branchMap":{},"s":{},"f":{},"b":{}}
,"/Users/Sandesh/Desktop/Redux/VFNZAlbumPOC/src/component/ThumbnailComponent/thumbnailView.js": {"path":"/Users/Sandesh/Desktop/Redux/VFNZAlbumPOC/src/component/ThumbnailComponent/thumbnailView.js","statementMap":{"0":{"start":{"line":15,"column":27},"end":{"line":15,"column":37}},"1":{"start":{"line":16,"column":20},"end":{"line":16,"column":61}},"2":{"start":{"line":17,"column":4},"end":{"line":17,"column":34}},"3":{"start":{"line":20,"column":15},"end":{"line":31,"column":3}},"4":{"start":{"line":22,"column":4},"end":{"line":30,"column":11}},"5":{"start":{"line":23,"column":39},"end":{"line":25,"column":8}},"6":{"start":{"line":34,"column":39},"end":{"line":34,"column":49}},"7":{"start":{"line":36,"column":4},"end":{"line":38,"column":5}},"8":{"start":{"line":37,"column":6},"end":{"line":37,"column":28}},"9":{"start":{"line":40,"column":4},"end":{"line":46,"column":5}},"10":{"start":{"line":41,"column":6},"end":{"line":45,"column":8}},"11":{"start":{"line":48,"column":4},"end":{"line":59,"column":6}},"12":{"start":{"line":63,"column":24},"end":{"line":70,"column":1}},"13":{"start":{"line":64,"column":29},"end":{"line":64,"column":84}},"14":{"start":{"line":64,"column":57},"end":{"line":64,"column":82}},"15":{"start":{"line":65,"column":2},"end":{"line":69,"column":4}},"16":{"start":{"line":72,"column":27},"end":{"line":74,"column":1}}},"fnMap":{"0":{"name":"(anonymous_0)","decl":{"start":{"line":14,"column":2},"end":{"line":14,"column":3}},"loc":{"start":{"line":14,"column":22},"end":{"line":18,"column":3}},"line":14},"1":{"name":"(anonymous_1)","decl":{"start":{"line":20,"column":15},"end":{"line":20,"column":16}},"loc":{"start":{"line":22,"column":4},"end":{"line":30,"column":11}},"line":22},"2":{"name":"(anonymous_2)","decl":{"start":{"line":23,"column":33},"end":{"line":23,"column":34}},"loc":{"start":{"line":23,"column":39},"end":{"line":25,"column":8}},"line":23},"3":{"name":"(anonymous_3)","decl":{"start":{"line":33,"column":2},"end":{"line":33,"column":3}},"loc":{"start":{"line":33,"column":11},"end":{"line":60,"column":3}},"line":33},"4":{"name":"(anonymous_4)","decl":{"start":{"line":63,"column":24},"end":{"line":63,"column":25}},"loc":{"start":{"line":63,"column":35},"end":{"line":70,"column":1}},"line":63},"5":{"name":"(anonymous_5)","decl":{"start":{"line":64,"column":46},"end":{"line":64,"column":47}},"loc":{"start":{"line":64,"column":57},"end":{"line":64,"column":82}},"line":64}},"branchMap":{"0":{"loc":{"start":{"line":36,"column":4},"end":{"line":38,"column":5}},"type":"if","locations":[{"start":{"line":36,"column":4},"end":{"line":38,"column":5}},{"start":{"line":36,"column":4},"end":{"line":38,"column":5}}],"line":36},"1":{"loc":{"start":{"line":40,"column":4},"end":{"line":46,"column":5}},"type":"if","locations":[{"start":{"line":40,"column":4},"end":{"line":46,"column":5}},{"start":{"line":40,"column":4},"end":{"line":46,"column":5}}],"line":40}},"s":{"0":0,"1":0,"2":0,"3":0,"4":0,"5":0,"6":0,"7":0,"8":0,"9":0,"10":0,"11":0,"12":0,"13":0,"14":0,"15":0,"16":0},"f":{"0":0,"1":0,"2":0,"3":0,"4":0,"5":0},"b":{"0":[0,0],"1":[0,0]}}
,"/Users/Sandesh/Desktop/Redux/VFNZAlbumPOC/src/reducer/reducer.js": {"path":"/Users/Sandesh/Desktop/Redux/VFNZAlbumPOC/src/reducer/reducer.js","statementMap":{"0":{"start":{"line":1,"column":25},"end":{"line":1,"column":37}},"1":{"start":{"line":2,"column":33},"end":{"line":2,"column":53}},"2":{"start":{"line":3,"column":30},"end":{"line":3,"column":47}},"3":{"start":{"line":6,"column":21},"end":{"line":10,"column":1}},"4":{"start":{"line":14,"column":2},"end":{"line":27,"column":3}},"5":{"start":{"line":16,"column":6},"end":{"line":16,"column":41}},"6":{"start":{"line":18,"column":6},"end":{"line":18,"column":71}},"7":{"start":{"line":20,"column":6},"end":{"line":24,"column":8}},"8":{"start":{"line":26,"column":6},"end":{"line":26,"column":19}},"9":{"start":{"line":31,"column":2},"end":{"line":38,"column":4}},"10":{"start":{"line":42,"column":2},"end":{"line":49,"column":4}}},"fnMap":{"0":{"name":"reducer","decl":{"start":{"line":13,"column":24},"end":{"line":13,"column":31}},"loc":{"start":{"line":13,"column":63},"end":{"line":28,"column":1}},"line":13},"1":{"name":"listRepos","decl":{"start":{"line":30,"column":16},"end":{"line":30,"column":25}},"loc":{"start":{"line":30,"column":34},"end":{"line":39,"column":1}},"line":30},"2":{"name":"listThumb","decl":{"start":{"line":41,"column":16},"end":{"line":41,"column":25}},"loc":{"start":{"line":41,"column":35},"end":{"line":50,"column":1}},"line":41}},"branchMap":{"0":{"loc":{"start":{"line":13,"column":32},"end":{"line":13,"column":52}},"type":"default-arg","locations":[{"start":{"line":13,"column":40},"end":{"line":13,"column":52}}],"line":13},"1":{"loc":{"start":{"line":14,"column":2},"end":{"line":27,"column":3}},"type":"switch","locations":[{"start":{"line":15,"column":4},"end":{"line":16,"column":41}},{"start":{"line":17,"column":4},"end":{"line":18,"column":71}},{"start":{"line":19,"column":4},"end":{"line":24,"column":8}},{"start":{"line":25,"column":4},"end":{"line":26,"column":19}}],"line":14}},"s":{"0":0,"1":0,"2":0,"3":0,"4":0,"5":0,"6":0,"7":0,"8":0,"9":0,"10":0},"f":{"0":0,"1":0,"2":0},"b":{"0":[0],"1":[0,0,0,0]}}
}
