{"/Users/Sandesh/Desktop/Redux/VFNZAlbumPOC/src/HomeComponent/home.js": {"path":"/Users/Sandesh/Desktop/Redux/VFNZAlbumPOC/src/HomeComponent/home.js","statementMap":{"0":{"start":{"line":11,"column":4},"end":{"line":11,"column":40}},"1":{"start":{"line":15,"column":26},"end":{"line":17,"column":1}},"2":{"start":{"line":16,"column":4},"end":{"line":16,"column":49}},"3":{"start":{"line":19,"column":15},"end":{"line":32,"column":3}},"4":{"start":{"line":21,"column":0},"end":{"line":31,"column":7}},"5":{"start":{"line":23,"column":33},"end":{"line":25,"column":2}},"6":{"start":{"line":34,"column":22},"end":{"line":34,"column":32}},"7":{"start":{"line":35,"column":4},"end":{"line":45,"column":6}},"8":{"start":{"line":49,"column":24},"end":{"line":54,"column":1}},"9":{"start":{"line":50,"column":27},"end":{"line":50,"column":79}},"10":{"start":{"line":50,"column":52},"end":{"line":50,"column":77}},"11":{"start":{"line":51,"column":2},"end":{"line":53,"column":4}},"12":{"start":{"line":56,"column":27},"end":{"line":58,"column":1}}},"fnMap":{"0":{"name":"(anonymous_0)","decl":{"start":{"line":10,"column":2},"end":{"line":10,"column":3}},"loc":{"start":{"line":10,"column":22},"end":{"line":12,"column":3}},"line":10},"1":{"name":"(anonymous_1)","decl":{"start":{"line":15,"column":26},"end":{"line":15,"column":27}},"loc":{"start":{"line":16,"column":4},"end":{"line":16,"column":49}},"line":16},"2":{"name":"(anonymous_2)","decl":{"start":{"line":19,"column":15},"end":{"line":19,"column":16}},"loc":{"start":{"line":21,"column":0},"end":{"line":31,"column":7}},"line":21},"3":{"name":"(anonymous_3)","decl":{"start":{"line":23,"column":27},"end":{"line":23,"column":28}},"loc":{"start":{"line":23,"column":33},"end":{"line":25,"column":2}},"line":23},"4":{"name":"(anonymous_4)","decl":{"start":{"line":33,"column":2},"end":{"line":33,"column":3}},"loc":{"start":{"line":33,"column":11},"end":{"line":46,"column":3}},"line":33},"5":{"name":"(anonymous_5)","decl":{"start":{"line":49,"column":24},"end":{"line":49,"column":25}},"loc":{"start":{"line":49,"column":33},"end":{"line":54,"column":1}},"line":49},"6":{"name":"(anonymous_6)","decl":{"start":{"line":50,"column":43},"end":{"line":50,"column":44}},"loc":{"start":{"line":50,"column":52},"end":{"line":50,"column":77}},"line":50}},"branchMap":{},"s":{"0":0,"1":0,"2":0,"3":0,"4":0,"5":0,"6":0,"7":0,"8":0,"9":0,"10":0,"11":0,"12":0},"f":{"0":0,"1":0,"2":0,"3":0,"4":0,"5":0,"6":0},"b":{}}
,"/Users/Sandesh/Desktop/Redux/VFNZAlbumPOC/src/common/constants.js": {"path":"/Users/Sandesh/Desktop/Redux/VFNZAlbumPOC/src/common/constants.js","statementMap":{"0":{"start":{"line":1,"column":19},"end":{"line":1,"column":58}},"1":{"start":{"line":2,"column":23},"end":{"line":2,"column":28}}},"fnMap":{},"branchMap":{},"s":{"0":1,"1":1},"f":{},"b":{},"_coverageSchema":"1a1c01bbd47fc00a2c39e90264f33305004495a9","hash":"41f7f872e1f0612ef1d00fd52e79936585702182"}
,"/Users/Sandesh/Desktop/Redux/VFNZAlbumPOC/src/common/ErrorAlertComponent/errorAlert.js": {"path":"/Users/Sandesh/Desktop/Redux/VFNZAlbumPOC/src/common/ErrorAlertComponent/errorAlert.js","statementMap":{"0":{"start":{"line":11,"column":6},"end":{"line":22,"column":8}}},"fnMap":{"0":{"name":"(anonymous_0)","decl":{"start":{"line":9,"column":4},"end":{"line":9,"column":5}},"loc":{"start":{"line":9,"column":13},"end":{"line":23,"column":5}},"line":9}},"branchMap":{},"s":{"0":2},"f":{"0":2},"b":{},"_coverageSchema":"1a1c01bbd47fc00a2c39e90264f33305004495a9","hash":"61ead4d39c7ca1e6779839197c31230ed689e5bf"}
,"/Users/Sandesh/Desktop/Redux/VFNZAlbumPOC/src/common/ErrorAlertComponent/style.js": {"path":"/Users/Sandesh/Desktop/Redux/VFNZAlbumPOC/src/common/ErrorAlertComponent/style.js","statementMap":{},"fnMap":{},"branchMap":{},"s":{},"f":{},"b":{},"_coverageSchema":"1a1c01bbd47fc00a2c39e90264f33305004495a9","hash":"faa7f1d84b8d9eb7284d839206c26909f9f38db0"}
,"/Users/Sandesh/Desktop/Redux/VFNZAlbumPOC/src/component/AlbumDetailsComponent/albumDetailsView.js": {"path":"/Users/Sandesh/Desktop/Redux/VFNZAlbumPOC/src/component/AlbumDetailsComponent/albumDetailsView.js","statementMap":{"0":{"start":{"line":8,"column":31},"end":{"line":10,"column":5}},"1":{"start":{"line":14,"column":29},"end":{"line":14,"column":39}},"2":{"start":{"line":15,"column":25},"end":{"line":15,"column":74}},"3":{"start":{"line":16,"column":23},"end":{"line":16,"column":76}},"4":{"start":{"line":17,"column":27},"end":{"line":17,"column":94}},"5":{"start":{"line":17,"column":33},"end":{"line":17,"column":94}},"6":{"start":{"line":20,"column":6},"end":{"line":36,"column":8}},"7":{"start":{"line":28,"column":39},"end":{"line":28,"column":102}}},"fnMap":{"0":{"name":"(anonymous_0)","decl":{"start":{"line":12,"column":4},"end":{"line":12,"column":5}},"loc":{"start":{"line":12,"column":13},"end":{"line":37,"column":5}},"line":12},"1":{"name":"(anonymous_1)","decl":{"start":{"line":17,"column":27},"end":{"line":17,"column":28}},"loc":{"start":{"line":17,"column":33},"end":{"line":17,"column":94}},"line":17},"2":{"name":"(anonymous_2)","decl":{"start":{"line":28,"column":33},"end":{"line":28,"column":34}},"loc":{"start":{"line":28,"column":39},"end":{"line":28,"column":102}},"line":28}},"branchMap":{},"s":{"0":1,"1":3,"2":3,"3":3,"4":3,"5":0,"6":3,"7":0},"f":{"0":3,"1":0,"2":0},"b":{},"_coverageSchema":"1a1c01bbd47fc00a2c39e90264f33305004495a9","hash":"6ce4e641dc38fb229ad2ed10197b58a1aeacc8f0"}
,"/Users/Sandesh/Desktop/Redux/VFNZAlbumPOC/src/component/AlbumDetailsComponent/style.js": {"path":"/Users/Sandesh/Desktop/Redux/VFNZAlbumPOC/src/component/AlbumDetailsComponent/style.js","statementMap":{},"fnMap":{},"branchMap":{},"s":{},"f":{},"b":{},"_coverageSchema":"1a1c01bbd47fc00a2c39e90264f33305004495a9","hash":"4b3ea6935101f9aee5a8e37128aa18b56289d7c1"}
,"/Users/Sandesh/Desktop/Redux/VFNZAlbumPOC/src/component/HomeComponent/home.js": {"path":"/Users/Sandesh/Desktop/Redux/VFNZAlbumPOC/src/component/HomeComponent/home.js","statementMap":{"0":{"start":{"line":11,"column":4},"end":{"line":11,"column":40}},"1":{"start":{"line":15,"column":26},"end":{"line":17,"column":1}},"2":{"start":{"line":16,"column":4},"end":{"line":16,"column":49}},"3":{"start":{"line":19,"column":15},"end":{"line":32,"column":3}},"4":{"start":{"line":21,"column":0},"end":{"line":31,"column":7}},"5":{"start":{"line":23,"column":33},"end":{"line":25,"column":2}},"6":{"start":{"line":34,"column":22},"end":{"line":34,"column":32}},"7":{"start":{"line":35,"column":4},"end":{"line":45,"column":6}},"8":{"start":{"line":49,"column":24},"end":{"line":54,"column":1}},"9":{"start":{"line":50,"column":27},"end":{"line":50,"column":79}},"10":{"start":{"line":50,"column":52},"end":{"line":50,"column":77}},"11":{"start":{"line":51,"column":2},"end":{"line":53,"column":4}},"12":{"start":{"line":56,"column":27},"end":{"line":58,"column":1}}},"fnMap":{"0":{"name":"(anonymous_0)","decl":{"start":{"line":10,"column":2},"end":{"line":10,"column":3}},"loc":{"start":{"line":10,"column":22},"end":{"line":12,"column":3}},"line":10},"1":{"name":"(anonymous_1)","decl":{"start":{"line":15,"column":26},"end":{"line":15,"column":27}},"loc":{"start":{"line":16,"column":4},"end":{"line":16,"column":49}},"line":16},"2":{"name":"(anonymous_2)","decl":{"start":{"line":19,"column":15},"end":{"line":19,"column":16}},"loc":{"start":{"line":21,"column":0},"end":{"line":31,"column":7}},"line":21},"3":{"name":"(anonymous_3)","decl":{"start":{"line":23,"column":27},"end":{"line":23,"column":28}},"loc":{"start":{"line":23,"column":33},"end":{"line":25,"column":2}},"line":23},"4":{"name":"(anonymous_4)","decl":{"start":{"line":33,"column":2},"end":{"line":33,"column":3}},"loc":{"start":{"line":33,"column":11},"end":{"line":46,"column":3}},"line":33},"5":{"name":"(anonymous_5)","decl":{"start":{"line":49,"column":24},"end":{"line":49,"column":25}},"loc":{"start":{"line":49,"column":33},"end":{"line":54,"column":1}},"line":49},"6":{"name":"(anonymous_6)","decl":{"start":{"line":50,"column":43},"end":{"line":50,"column":44}},"loc":{"start":{"line":50,"column":52},"end":{"line":50,"column":77}},"line":50}},"branchMap":{},"s":{"0":0,"1":0,"2":0,"3":0,"4":0,"5":0,"6":0,"7":0,"8":0,"9":0,"10":0,"11":0,"12":0},"f":{"0":0,"1":0,"2":0,"3":0,"4":0,"5":0,"6":0},"b":{}}
,"/Users/Sandesh/Desktop/Redux/VFNZAlbumPOC/src/component/HomeComponent/style.js": {"path":"/Users/Sandesh/Desktop/Redux/VFNZAlbumPOC/src/component/HomeComponent/style.js","statementMap":{},"fnMap":{},"branchMap":{},"s":{},"f":{},"b":{}}
,"/Users/Sandesh/Desktop/Redux/VFNZAlbumPOC/src/component/ThumbnailComponent/style.js": {"path":"/Users/Sandesh/Desktop/Redux/VFNZAlbumPOC/src/component/ThumbnailComponent/style.js","statementMap":{},"fnMap":{},"branchMap":{},"s":{},"f":{},"b":{},"_coverageSchema":"1a1c01bbd47fc00a2c39e90264f33305004495a9","hash":"61d7bfbe770202bb5bd59faff53c87e6bee158fd"}
,"/Users/Sandesh/Desktop/Redux/VFNZAlbumPOC/src/component/ThumbnailComponent/thumbnailView.js": {"path":"/Users/Sandesh/Desktop/Redux/VFNZAlbumPOC/src/component/ThumbnailComponent/thumbnailView.js","statementMap":{"0":{"start":{"line":16,"column":27},"end":{"line":16,"column":37}},"1":{"start":{"line":17,"column":20},"end":{"line":17,"column":61}},"2":{"start":{"line":18,"column":4},"end":{"line":18,"column":34}},"3":{"start":{"line":21,"column":15},"end":{"line":32,"column":3}},"4":{"start":{"line":23,"column":0},"end":{"line":31,"column":23}},"5":{"start":{"line":24,"column":53},"end":{"line":26,"column":18}},"6":{"start":{"line":34,"column":22},"end":{"line":34,"column":32}},"7":{"start":{"line":35,"column":4},"end":{"line":47,"column":6}},"8":{"start":{"line":51,"column":24},"end":{"line":56,"column":1}},"9":{"start":{"line":52,"column":27},"end":{"line":52,"column":79}},"10":{"start":{"line":52,"column":52},"end":{"line":52,"column":77}},"11":{"start":{"line":53,"column":2},"end":{"line":55,"column":4}},"12":{"start":{"line":58,"column":27},"end":{"line":60,"column":1}}},"fnMap":{"0":{"name":"(anonymous_0)","decl":{"start":{"line":15,"column":2},"end":{"line":15,"column":3}},"loc":{"start":{"line":15,"column":22},"end":{"line":19,"column":3}},"line":15},"1":{"name":"(anonymous_1)","decl":{"start":{"line":21,"column":15},"end":{"line":21,"column":16}},"loc":{"start":{"line":23,"column":0},"end":{"line":31,"column":23}},"line":23},"2":{"name":"(anonymous_2)","decl":{"start":{"line":24,"column":47},"end":{"line":24,"column":48}},"loc":{"start":{"line":24,"column":53},"end":{"line":26,"column":18}},"line":24},"3":{"name":"(anonymous_3)","decl":{"start":{"line":33,"column":2},"end":{"line":33,"column":3}},"loc":{"start":{"line":33,"column":11},"end":{"line":48,"column":3}},"line":33},"4":{"name":"(anonymous_4)","decl":{"start":{"line":51,"column":24},"end":{"line":51,"column":25}},"loc":{"start":{"line":51,"column":33},"end":{"line":56,"column":1}},"line":51},"5":{"name":"(anonymous_5)","decl":{"start":{"line":52,"column":43},"end":{"line":52,"column":44}},"loc":{"start":{"line":52,"column":52},"end":{"line":52,"column":77}},"line":52}},"branchMap":{},"s":{"0":0,"1":0,"2":0,"3":0,"4":0,"5":0,"6":0,"7":0,"8":1,"9":0,"10":0,"11":0,"12":1},"f":{"0":0,"1":0,"2":0,"3":0,"4":0,"5":0},"b":{},"_coverageSchema":"1a1c01bbd47fc00a2c39e90264f33305004495a9","hash":"96e10b4143a30e3031afaef81fa00cf0ccf90b2a"}
}
